[genesis-template.webflow.io/index.html]
[backblue.gif]
[fade.gif]
[index.html]
[assets.website-files.com/62b2e6f4da04c7c41ebdc081/css/genesis-template.webflow.aeafb072b.css]
[assets.website-files.com/62b2e6f4da04c7c41ebdc081/62b394c2e4bd68533933e2b6_fav-20.png]
[assets.website-files.com/62b2e6f4da04c7c41ebdc081/62b394c5f79528229b67087a_Webclip.png]
[genesis-template.webflow.io/blog.html]
[genesis-template.webflow.io/blog-posts/what-is-the-duty-of-an-executive-producer.html]
[d3e54v103j8qbb.cloudfront.net/js/jquery-3.5.1.min.dc5e7f18c851b1.js]
[genesis-template.webflow.io/index.html]
[assets.website-files.com/62b2e6f4da04c7c41ebdc081/css/genesis-template.webflow.aeafb072b.css]
[assets.website-files.com/62b2e6f4da04c7c41ebdc081/js/webflow.bbe324bf9.js]
[genesis-template.webflow.io/blog-posts/what-is-a-films-post-production-process.html]
[genesis-template.webflow.io/blog.html]
[assets.website-files.com/62b2f3ff401ff7e361875458/62b2f4506ac092e1cc8c3428_61df396292340a6dc264a86e_Blog%20thumb%20large%2007.jpg]
[assets.website-files.com/62b2f3ff401ff7e361875458/62b2f44e8837e544fc149ad0_61df396292340a6e6964a86b_Rich%20text%20image.jpg]
[genesis-template.webflow.io/blog-posts/what-is-the-duty-of-an-executive-producer.html]
[assets.website-files.com/62b2f3ff401ff7e361875458/62b2f44fc202de9ce693609e_61df396292340a193064a86d_Blog%20thumb%20large%2008.jpg]
[genesis-template.webflow.io/blog-posts/what-is-a-films-post-production-process.html]
[genesis-template.webflow.io/_https_/assets.website-files.com/62b2e6f4da04c7c41ebdc081/62b2f777c85bba430c09cd08_hm-hero-poster-00001.jpg_]
[genesis-template.webflow.io/_https_/assets.website-files.com/62b2e6f4da04c7c41ebdc081/62b3003da158d44d47a74f9d_ab-video-1-poster-00001.jpg_]
[genesis-template.webflow.io/_https_/assets.website-files.com/62b2e6f4da04c7c41ebdc081/62b30110e058120a5ea9abba_ab-video-2-poster-00001.jpg_]
[genesis-template.webflow.io/_https_/assets.website-files.com/62b2e6f4da04c7c41ebdc081/62b352d66afd9e3ebfa83748_slider-01-poster-00001.jpg_]
[genesis-template.webflow.io/_https_/assets.website-files.com/62b2e6f4da04c7c41ebdc081/62b355ea7d4c903d1573be34_slider-03-poster-00001.jpg_]
[genesis-template.webflow.io/_https_/assets.website-files.com/62b2e6f4da04c7c41ebdc081/62b32604e2c7bf459b810a7b_work-01-poster-00001.jpg_]
[genesis-template.webflow.io/_https_/assets.website-files.com/62b2e6f4da04c7c41ebdc081/62b32700226e3160ee84632d_slider-02-poster-00001.html]
[genesis-template.webflow.io/_https_/assets.website-files.com/62b2e6f4da04c7c41ebdc081/62b3260f2843784656d19df2_work-03-poster-00001.jpg_]
[genesis-template.webflow.io/_https_/assets.website-files.com/62b2e6f4da04c7c41ebdc081/62b326133a6b3e6e03d082d4_work-04-poster-00001.jpg_]
[genesis-template.webflow.io/blog-posts/how-to-build-a-strong-branding]
[genesis-template.webflow.io/blog-posts/what-do-you-need-to-start-on-your-career]
[genesis-template.webflow.io/_https_/assets.website-files.com/62b2e6f4da04c7c41ebdc081/62b34c3d4158a8eb5a650e01_cta-poster-00001.jpg_]
[genesis-template.webflow.io/template/style-guide]
[genesis-template.webflow.io/template/licenses]
[genesis-template.webflow.io/template/changelog]
[genesis-template.webflow.io/template/support]
[genesis-template.webflow.io/blog-posts/the-role-of-a-creative-director-in-movies]
[genesis-template.webflow.io/blog-posts/the-complete-guide-to-help-you-with-film-editing]
[genesis-template.webflow.io/blog-posts/learn-the-first-steps-of-becoming-a-film-editor]
[genesis-template.webflow.io/blog-posts/how-to-hire-a-film-editor-for-your-project]
[genesis-template.webflow.io/blog-posts/cinematography-basics-to-get-started-today]
[genesis-template.webflow.io/blog-posts/_https_/assets.website-files.com/62b2e6f4da04c7c41ebdc081/62b34c3d4158a8eb5a650e01_cta-poster-00001.jpg_]
